<?xml version="1.0" encoding="UTF-8"?>
<testsuite name="esii_LSN_Test" tests="1" skipped="0" failures="0" errors="0" timestamp="2018-11-19T16:12:42" hostname="SNORLAX97" time="0.002">
  <properties/>
  <testcase name="getBicycleTest_01" classname="esii_LSN_Test" time="0.002"/>
  <system-out><![CDATA[]]></system-out>
  <system-err><![CDATA[]]></system-err>
</testsuite>
